<?xml version="1.0" encoding="UTF-8"?>
<!-- Generated by org.testng.reporters.JUnitXMLReporter -->
<testsuite hostname="LIN25002214" ignored="6" name="BoomiAutomation" tests="68" failures="4" timestamp="2021-01-05T11:57:19 GMT" time="1547.493" errors="0">
  <testcase name="@BeforeMethod initialization" time="22.131" classname="com.boomi.base.BrowserLaunch">
    <failure type="org.openqa.selenium.TimeoutException" message="timeout: Timed out receiving message from renderer: 18.206
  (Session info: chrome=87.0.4280.88)
Build info: version: &amp;apos;3.141.59&amp;apos;, revision: &amp;apos;e82be7d358&amp;apos;, time: &amp;apos;2018-11-14T08:17:03&amp;apos;
System info: host: &amp;apos;LIN25002214&amp;apos;, ip: &amp;apos;10.246.181.162&amp;apos;, os.name: &amp;apos;Windows 10&amp;apos;, os.arch: &amp;apos;amd64&amp;apos;, os.version: &amp;apos;10.0&amp;apos;, java.version: &amp;apos;1.8.0_221&amp;apos;
Driver info: org.openqa.selenium.chrome.ChromeDriver
Capabilities {acceptInsecureCerts: false, browserName: chrome, browserVersion: 87.0.4280.88, chrome: {chromedriverVersion: 87.0.4280.20 (c99e81631faa0..., userDataDir: C:\Users\kmahajan\AppData\L...}, goog:chromeOptions: {debuggerAddress: localhost:62581}, javascriptEnabled: true, networkConnectionEnabled: false, pageLoadStrategy: normal, platform: WINDOWS, platformName: WINDOWS, proxy: Proxy(), setWindowRect: true, strictFileInteractability: false, timeouts: {implicit: 0, pageLoad: 300000, script: 30000}, unhandledPromptBehavior: dismiss and notify, webauthn:virtualAuthenticators: true}
Session ID: facc8f46402a15bb4214252b42408191">
      <![CDATA[org.openqa.selenium.TimeoutException: timeout: Timed out receiving message from renderer: 18.206
  (Session info: chrome=87.0.4280.88)
Build info: version: '3.141.59', revision: 'e82be7d358', time: '2018-11-14T08:17:03'
System info: host: 'LIN25002214', ip: '10.246.181.162', os.name: 'Windows 10', os.arch: 'amd64', os.version: '10.0', java.version: '1.8.0_221'
Driver info: org.openqa.selenium.chrome.ChromeDriver
Capabilities {acceptInsecureCerts: false, browserName: chrome, browserVersion: 87.0.4280.88, chrome: {chromedriverVersion: 87.0.4280.20 (c99e81631faa0..., userDataDir: C:\Users\kmahajan\AppData\L...}, goog:chromeOptions: {debuggerAddress: localhost:62581}, javascriptEnabled: true, networkConnectionEnabled: false, pageLoadStrategy: normal, platform: WINDOWS, platformName: WINDOWS, proxy: Proxy(), setWindowRect: true, strictFileInteractability: false, timeouts: {implicit: 0, pageLoad: 300000, script: 30000}, unhandledPromptBehavior: dismiss and notify, webauthn:virtualAuthenticators: true}
Session ID: facc8f46402a15bb4214252b42408191
at org.openqa.selenium.remote.http.W3CHttpResponseCodec.createException(W3CHttpResponseCodec.java:187)
at org.openqa.selenium.remote.http.W3CHttpResponseCodec.decode(W3CHttpResponseCodec.java:122)
at org.openqa.selenium.remote.http.W3CHttpResponseCodec.decode(W3CHttpResponseCodec.java:49)
at org.openqa.selenium.remote.HttpCommandExecutor.execute(HttpCommandExecutor.java:158)
at org.openqa.selenium.remote.service.DriverCommandExecutor.execute(DriverCommandExecutor.java:83)
at org.openqa.selenium.remote.RemoteWebDriver.execute(RemoteWebDriver.java:552)
at org.openqa.selenium.remote.RemoteWebDriver.get(RemoteWebDriver.java:277)
at com.boomi.base.BrowserLaunch.initialization(BrowserLaunch.java:75)
at java.util.ArrayList.forEach(Unknown Source)
... Removed 35 stack frames]]>
    </failure>
  </testcase> <!-- @BeforeMethod initialization -->
  <testcase name="@BeforeMethod testName" time="-1.609847476806E9" classname="com.boomi.base.BrowserLaunch">
    <skipped/>
  </testcase> <!-- @BeforeMethod testName -->
  <testcase name="@AfterMethod tearDown" time="-1.609847476829E9" classname="com.boomi.base.BrowserLaunch">
    <skipped/>
  </testcase> <!-- @AfterMethod tearDown -->
  <testcase name="@BeforeMethod initialization" time="-1.609847476833E9" classname="com.boomi.base.BrowserLaunch">
    <skipped/>
  </testcase> <!-- @BeforeMethod initialization -->
  <testcase name="@BeforeMethod testName" time="-1.609847476836E9" classname="com.boomi.base.BrowserLaunch">
    <skipped/>
  </testcase> <!-- @BeforeMethod testName -->
  <testcase name="@AfterMethod tearDown" time="-1.609847476853E9" classname="com.boomi.base.BrowserLaunch">
    <skipped/>
  </testcase> <!-- @AfterMethod tearDown -->
  <testcase name="@BeforeMethod initialization" time="-1.609847476855E9" classname="com.boomi.base.BrowserLaunch">
    <skipped/>
  </testcase> <!-- @BeforeMethod initialization -->
  <testcase name="@BeforeMethod testName" time="-1.609847476858E9" classname="com.boomi.base.BrowserLaunch">
    <skipped/>
  </testcase> <!-- @BeforeMethod testName -->
  <testcase name="@AfterMethod tearDown" time="-1.609847476877E9" classname="com.boomi.base.BrowserLaunch">
    <skipped/>
  </testcase> <!-- @AfterMethod tearDown -->
  <testcase name="@BeforeMethod initialization" time="-1.609847476879E9" classname="com.boomi.base.BrowserLaunch">
    <skipped/>
  </testcase> <!-- @BeforeMethod initialization -->
  <testcase name="@BeforeMethod testName" time="-1.609847476881E9" classname="com.boomi.base.BrowserLaunch">
    <skipped/>
  </testcase> <!-- @BeforeMethod testName -->
  <testcase name="@AfterMethod tearDown" time="-1.6098474769E9" classname="com.boomi.base.BrowserLaunch">
    <skipped/>
  </testcase> <!-- @AfterMethod tearDown -->
  <testcase name="@BeforeMethod initialization" time="-1.609847476902E9" classname="com.boomi.base.BrowserLaunch">
    <skipped/>
  </testcase> <!-- @BeforeMethod initialization -->
  <testcase name="@BeforeMethod testName" time="-1.609847476904E9" classname="com.boomi.base.BrowserLaunch">
    <skipped/>
  </testcase> <!-- @BeforeMethod testName -->
  <testcase name="@AfterMethod tearDown" time="-1.609847476918E9" classname="com.boomi.base.BrowserLaunch">
    <skipped/>
  </testcase> <!-- @AfterMethod tearDown -->
  <testcase name="@BeforeMethod initialization" time="-1.609847476919E9" classname="com.boomi.base.BrowserLaunch">
    <skipped/>
  </testcase> <!-- @BeforeMethod initialization -->
  <testcase name="@BeforeMethod testName" time="-1.609847476921E9" classname="com.boomi.base.BrowserLaunch">
    <skipped/>
  </testcase> <!-- @BeforeMethod testName -->
  <testcase name="@AfterMethod tearDown" time="-1.609847476931E9" classname="com.boomi.base.BrowserLaunch">
    <skipped/>
  </testcase> <!-- @AfterMethod tearDown -->
  <testcase name="@BeforeMethod initialization" time="-1.609847476932E9" classname="com.boomi.base.BrowserLaunch">
    <skipped/>
  </testcase> <!-- @BeforeMethod initialization -->
  <testcase name="@BeforeMethod testName" time="-1.609847476933E9" classname="com.boomi.base.BrowserLaunch">
    <skipped/>
  </testcase> <!-- @BeforeMethod testName -->
  <testcase name="@AfterMethod tearDown" time="-1.609847476945E9" classname="com.boomi.base.BrowserLaunch">
    <skipped/>
  </testcase> <!-- @AfterMethod tearDown -->
  <testcase name="@BeforeMethod initialization" time="-1.609847476947E9" classname="com.boomi.base.BrowserLaunch">
    <skipped/>
  </testcase> <!-- @BeforeMethod initialization -->
  <testcase name="@BeforeMethod testName" time="-1.609847476949E9" classname="com.boomi.base.BrowserLaunch">
    <skipped/>
  </testcase> <!-- @BeforeMethod testName -->
  <testcase name="@AfterMethod tearDown" time="-1.609847476963E9" classname="com.boomi.base.BrowserLaunch">
    <skipped/>
  </testcase> <!-- @AfterMethod tearDown -->
  <testcase name="@BeforeMethod initialization" time="-1.609847476965E9" classname="com.boomi.base.BrowserLaunch">
    <skipped/>
  </testcase> <!-- @BeforeMethod initialization -->
  <testcase name="@BeforeMethod testName" time="-1.609847476967E9" classname="com.boomi.base.BrowserLaunch">
    <skipped/>
  </testcase> <!-- @BeforeMethod testName -->
  <testcase name="@AfterMethod tearDown" time="-1.609847476982E9" classname="com.boomi.base.BrowserLaunch">
    <skipped/>
  </testcase> <!-- @AfterMethod tearDown -->
  <testcase name="@BeforeMethod initialization" time="-1.609847476984E9" classname="com.boomi.base.BrowserLaunch">
    <skipped/>
  </testcase> <!-- @BeforeMethod initialization -->
  <testcase name="@BeforeMethod testName" time="-1.609847476986E9" classname="com.boomi.base.BrowserLaunch">
    <skipped/>
  </testcase> <!-- @BeforeMethod testName -->
  <testcase name="@AfterMethod tearDown" time="-1.609847476999E9" classname="com.boomi.base.BrowserLaunch">
    <skipped/>
  </testcase> <!-- @AfterMethod tearDown -->
  <testcase name="@BeforeMethod initialization" time="-1.609847477002E9" classname="com.boomi.base.BrowserLaunch">
    <skipped/>
  </testcase> <!-- @BeforeMethod initialization -->
  <testcase name="@BeforeMethod testName" time="-1.609847477003E9" classname="com.boomi.base.BrowserLaunch">
    <skipped/>
  </testcase> <!-- @BeforeMethod testName -->
  <testcase name="@AfterMethod tearDown" time="-1.609847477014E9" classname="com.boomi.base.BrowserLaunch">
    <skipped/>
  </testcase> <!-- @AfterMethod tearDown -->
  <testcase name="@BeforeMethod initialization" time="-1.609847477015E9" classname="com.boomi.base.BrowserLaunch">
    <skipped/>
  </testcase> <!-- @BeforeMethod initialization -->
  <testcase name="@BeforeMethod testName" time="-1.609847477016E9" classname="com.boomi.base.BrowserLaunch">
    <skipped/>
  </testcase> <!-- @BeforeMethod testName -->
  <testcase name="@AfterMethod tearDown" time="-1.609847477026E9" classname="com.boomi.base.BrowserLaunch">
    <skipped/>
  </testcase> <!-- @AfterMethod tearDown -->
  <testcase name="@BeforeMethod initialization" time="-1.60984747703E9" classname="com.boomi.base.BrowserLaunch">
    <skipped/>
  </testcase> <!-- @BeforeMethod initialization -->
  <testcase name="@BeforeMethod testName" time="-1.609847477032E9" classname="com.boomi.base.BrowserLaunch">
    <skipped/>
  </testcase> <!-- @BeforeMethod testName -->
  <testcase name="@AfterMethod tearDown" time="-1.609847477045E9" classname="com.boomi.base.BrowserLaunch">
    <skipped/>
  </testcase> <!-- @AfterMethod tearDown -->
  <testcase name="@BeforeMethod initialization" time="-1.609847477047E9" classname="com.boomi.base.BrowserLaunch">
    <skipped/>
  </testcase> <!-- @BeforeMethod initialization -->
  <testcase name="@BeforeMethod testName" time="-1.609847477048E9" classname="com.boomi.base.BrowserLaunch">
    <skipped/>
  </testcase> <!-- @BeforeMethod testName -->
  <testcase name="@AfterMethod tearDown" time="-1.609847477061E9" classname="com.boomi.base.BrowserLaunch">
    <skipped/>
  </testcase> <!-- @AfterMethod tearDown -->
  <testcase name="@BeforeMethod initialization" time="-1.609847477063E9" classname="com.boomi.base.BrowserLaunch">
    <skipped/>
  </testcase> <!-- @BeforeMethod initialization -->
  <testcase name="@BeforeMethod testName" time="-1.609847477064E9" classname="com.boomi.base.BrowserLaunch">
    <skipped/>
  </testcase> <!-- @BeforeMethod testName -->
  <testcase name="@AfterMethod tearDown" time="-1.609847477074E9" classname="com.boomi.base.BrowserLaunch">
    <skipped/>
  </testcase> <!-- @AfterMethod tearDown -->
  <testcase name="@BeforeMethod initialization" time="-1.609847477081E9" classname="com.boomi.base.BrowserLaunch">
    <skipped/>
  </testcase> <!-- @BeforeMethod initialization -->
  <testcase name="@BeforeMethod testName" time="-1.609847477083E9" classname="com.boomi.base.BrowserLaunch">
    <skipped/>
  </testcase> <!-- @BeforeMethod testName -->
  <testcase name="@AfterMethod tearDown" time="-1.609847477091E9" classname="com.boomi.base.BrowserLaunch">
    <skipped/>
  </testcase> <!-- @AfterMethod tearDown -->
  <testcase name="@BeforeMethod initialization" time="-1.609847477093E9" classname="com.boomi.base.BrowserLaunch">
    <skipped/>
  </testcase> <!-- @BeforeMethod initialization -->
  <testcase name="@BeforeMethod testName" time="-1.609847477094E9" classname="com.boomi.base.BrowserLaunch">
    <skipped/>
  </testcase> <!-- @BeforeMethod testName -->
  <testcase name="@AfterMethod tearDown" time="-1.609847477104E9" classname="com.boomi.base.BrowserLaunch">
    <skipped/>
  </testcase> <!-- @AfterMethod tearDown -->
  <testcase name="@BeforeMethod initialization" time="-1.609847477106E9" classname="com.boomi.base.BrowserLaunch">
    <skipped/>
  </testcase> <!-- @BeforeMethod initialization -->
  <testcase name="@BeforeMethod testName" time="-1.609847477107E9" classname="com.boomi.base.BrowserLaunch">
    <skipped/>
  </testcase> <!-- @BeforeMethod testName -->
  <testcase name="@AfterMethod tearDown" time="-1.609847477116E9" classname="com.boomi.base.BrowserLaunch">
    <skipped/>
  </testcase> <!-- @AfterMethod tearDown -->
  <testcase name="@BeforeMethod initialization" time="-1.609847477117E9" classname="com.boomi.base.BrowserLaunch">
    <skipped/>
  </testcase> <!-- @BeforeMethod initialization -->
  <testcase name="@BeforeMethod testName" time="-1.609847477118E9" classname="com.boomi.base.BrowserLaunch">
    <skipped/>
  </testcase> <!-- @BeforeMethod testName -->
  <testcase name="@AfterMethod tearDown" time="-1.60984747713E9" classname="com.boomi.base.BrowserLaunch">
    <skipped/>
  </testcase> <!-- @AfterMethod tearDown -->
  <testcase name="@BeforeMethod initialization" time="-1.609847477131E9" classname="com.boomi.base.BrowserLaunch">
    <skipped/>
  </testcase> <!-- @BeforeMethod initialization -->
  <testcase name="@BeforeMethod testName" time="-1.609847477132E9" classname="com.boomi.base.BrowserLaunch">
    <skipped/>
  </testcase> <!-- @BeforeMethod testName -->
  <testcase name="@AfterMethod tearDown" time="-1.609847477142E9" classname="com.boomi.base.BrowserLaunch">
    <skipped/>
  </testcase> <!-- @AfterMethod tearDown -->
  <testcase name="@BeforeMethod initialization" time="-1.609847477144E9" classname="com.boomi.base.BrowserLaunch">
    <skipped/>
  </testcase> <!-- @BeforeMethod initialization -->
  <testcase name="@BeforeMethod testName" time="-1.609847477145E9" classname="com.boomi.base.BrowserLaunch">
    <skipped/>
  </testcase> <!-- @BeforeMethod testName -->
  <testcase name="@AfterMethod tearDown" time="-1.609847477156E9" classname="com.boomi.base.BrowserLaunch">
    <skipped/>
  </testcase> <!-- @AfterMethod tearDown -->
  <testcase name="@BeforeMethod initialization" time="-1.609847477159E9" classname="com.boomi.base.BrowserLaunch">
    <skipped/>
  </testcase> <!-- @BeforeMethod initialization -->
  <testcase name="@BeforeMethod testName" time="-1.60984747716E9" classname="com.boomi.base.BrowserLaunch">
    <skipped/>
  </testcase> <!-- @BeforeMethod testName -->
  <testcase name="@AfterMethod tearDown" time="-1.609847477172E9" classname="com.boomi.base.BrowserLaunch">
    <skipped/>
  </testcase> <!-- @AfterMethod tearDown -->
  <testcase name="@BeforeMethod initialization" time="-1.609847477173E9" classname="com.boomi.base.BrowserLaunch">
    <skipped/>
  </testcase> <!-- @BeforeMethod initialization -->
  <testcase name="@BeforeMethod testName" time="-1.609847477174E9" classname="com.boomi.base.BrowserLaunch">
    <skipped/>
  </testcase> <!-- @BeforeMethod testName -->
  <testcase name="@AfterMethod tearDown" time="-1.609847477182E9" classname="com.boomi.base.BrowserLaunch">
    <skipped/>
  </testcase> <!-- @AfterMethod tearDown -->
  <testcase name="@BeforeMethod initialization" time="-1.609847477183E9" classname="com.boomi.base.BrowserLaunch">
    <skipped/>
  </testcase> <!-- @BeforeMethod initialization -->
  <testcase name="@BeforeMethod testName" time="-1.609847477184E9" classname="com.boomi.base.BrowserLaunch">
    <skipped/>
  </testcase> <!-- @BeforeMethod testName -->
  <testcase name="@AfterMethod tearDown" time="-1.609847477192E9" classname="com.boomi.base.BrowserLaunch">
    <skipped/>
  </testcase> <!-- @AfterMethod tearDown -->
  <testcase name="@AfterMethod tearDown" time="0.0" classname="com.boomi.base.BrowserLaunch">
    <failure type="java.lang.NullPointerException">
      <![CDATA[java.lang.NullPointerException
at com.boomi.base.BrowserLaunch.tearDown(BrowserLaunch.java:103)
at java.util.ArrayList.forEach(Unknown Source)
... Removed 32 stack frames]]>
    </failure>
  </testcase> <!-- @AfterMethod tearDown -->
  <testcase name="@BeforeMethod initialization" time="-1.609847571681E9" classname="com.boomi.base.BrowserLaunch">
    <skipped/>
  </testcase> <!-- @BeforeMethod initialization -->
  <testcase name="@BeforeMethod testName" time="-1.609847571682E9" classname="com.boomi.base.BrowserLaunch">
    <skipped/>
  </testcase> <!-- @BeforeMethod testName -->
  <testcase name="@AfterMethod tearDown" time="-1.609847571691E9" classname="com.boomi.base.BrowserLaunch">
    <skipped/>
  </testcase> <!-- @AfterMethod tearDown -->
  <testcase name="@BeforeMethod initialization" time="-1.609847571693E9" classname="com.boomi.base.BrowserLaunch">
    <skipped/>
  </testcase> <!-- @BeforeMethod initialization -->
  <testcase name="@BeforeMethod testName" time="-1.609847571695E9" classname="com.boomi.base.BrowserLaunch">
    <skipped/>
  </testcase> <!-- @BeforeMethod testName -->
  <testcase name="@AfterMethod tearDown" time="-1.609847571704E9" classname="com.boomi.base.BrowserLaunch">
    <skipped/>
  </testcase> <!-- @AfterMethod tearDown -->
  <testcase name="@BeforeMethod initialization" time="-1.609847571705E9" classname="com.boomi.base.BrowserLaunch">
    <skipped/>
  </testcase> <!-- @BeforeMethod initialization -->
  <testcase name="@BeforeMethod testName" time="-1.609847571707E9" classname="com.boomi.base.BrowserLaunch">
    <skipped/>
  </testcase> <!-- @BeforeMethod testName -->
  <testcase name="@AfterMethod tearDown" time="-1.609847571718E9" classname="com.boomi.base.BrowserLaunch">
    <skipped/>
  </testcase> <!-- @AfterMethod tearDown -->
  <testcase name="@BeforeMethod initialization" time="-1.60984757172E9" classname="com.boomi.base.BrowserLaunch">
    <skipped/>
  </testcase> <!-- @BeforeMethod initialization -->
  <testcase name="@BeforeMethod testName" time="-1.609847571722E9" classname="com.boomi.base.BrowserLaunch">
    <skipped/>
  </testcase> <!-- @BeforeMethod testName -->
  <testcase name="@AfterMethod tearDown" time="-1.609847571733E9" classname="com.boomi.base.BrowserLaunch">
    <skipped/>
  </testcase> <!-- @AfterMethod tearDown -->
  <testcase name="@BeforeMethod initialization" time="-1.609847571735E9" classname="com.boomi.base.BrowserLaunch">
    <skipped/>
  </testcase> <!-- @BeforeMethod initialization -->
  <testcase name="@BeforeMethod testName" time="-1.609847571736E9" classname="com.boomi.base.BrowserLaunch">
    <skipped/>
  </testcase> <!-- @BeforeMethod testName -->
  <testcase name="@AfterMethod tearDown" time="-1.609847571744E9" classname="com.boomi.base.BrowserLaunch">
    <skipped/>
  </testcase> <!-- @AfterMethod tearDown -->
  <testcase name="@BeforeMethod initialization" time="-1.609847571746E9" classname="com.boomi.base.BrowserLaunch">
    <skipped/>
  </testcase> <!-- @BeforeMethod initialization -->
  <testcase name="@BeforeMethod testName" time="-1.609847571747E9" classname="com.boomi.base.BrowserLaunch">
    <skipped/>
  </testcase> <!-- @BeforeMethod testName -->
  <testcase name="@AfterMethod tearDown" time="-1.609847571756E9" classname="com.boomi.base.BrowserLaunch">
    <skipped/>
  </testcase> <!-- @AfterMethod tearDown -->
  <testcase name="@BeforeMethod initialization" time="-1.609847571758E9" classname="com.boomi.base.BrowserLaunch">
    <skipped/>
  </testcase> <!-- @BeforeMethod initialization -->
  <testcase name="@BeforeMethod testName" time="-1.609847571758E9" classname="com.boomi.base.BrowserLaunch">
    <skipped/>
  </testcase> <!-- @BeforeMethod testName -->
  <testcase name="@AfterMethod tearDown" time="-1.609847571768E9" classname="com.boomi.base.BrowserLaunch">
    <skipped/>
  </testcase> <!-- @AfterMethod tearDown -->
  <testcase name="@BeforeMethod initialization" time="-1.609847571771E9" classname="com.boomi.base.BrowserLaunch">
    <skipped/>
  </testcase> <!-- @BeforeMethod initialization -->
  <testcase name="@BeforeMethod testName" time="-1.609847571772E9" classname="com.boomi.base.BrowserLaunch">
    <skipped/>
  </testcase> <!-- @BeforeMethod testName -->
  <testcase name="@AfterMethod tearDown" time="-1.609847571787E9" classname="com.boomi.base.BrowserLaunch">
    <skipped/>
  </testcase> <!-- @AfterMethod tearDown -->
  <testcase name="@BeforeMethod initialization" time="-1.609847571789E9" classname="com.boomi.base.BrowserLaunch">
    <skipped/>
  </testcase> <!-- @BeforeMethod initialization -->
  <testcase name="@BeforeMethod testName" time="-1.60984757179E9" classname="com.boomi.base.BrowserLaunch">
    <skipped/>
  </testcase> <!-- @BeforeMethod testName -->
  <testcase name="@AfterMethod tearDown" time="-1.609847571797E9" classname="com.boomi.base.BrowserLaunch">
    <skipped/>
  </testcase> <!-- @AfterMethod tearDown -->
  <testcase name="@BeforeMethod initialization" time="-1.609847571798E9" classname="com.boomi.base.BrowserLaunch">
    <skipped/>
  </testcase> <!-- @BeforeMethod initialization -->
  <testcase name="@BeforeMethod testName" time="-1.6098475718E9" classname="com.boomi.base.BrowserLaunch">
    <skipped/>
  </testcase> <!-- @BeforeMethod testName -->
  <testcase name="@AfterMethod tearDown" time="-1.609847571807E9" classname="com.boomi.base.BrowserLaunch">
    <skipped/>
  </testcase> <!-- @AfterMethod tearDown -->
  <testcase name="@BeforeMethod initialization" time="-1.60984757181E9" classname="com.boomi.base.BrowserLaunch">
    <skipped/>
  </testcase> <!-- @BeforeMethod initialization -->
  <testcase name="@BeforeMethod testName" time="-1.609847571811E9" classname="com.boomi.base.BrowserLaunch">
    <skipped/>
  </testcase> <!-- @BeforeMethod testName -->
  <testcase name="@AfterMethod tearDown" time="-1.609847571822E9" classname="com.boomi.base.BrowserLaunch">
    <skipped/>
  </testcase> <!-- @AfterMethod tearDown -->
  <testcase name="@BeforeMethod initialization" time="-1.609847571824E9" classname="com.boomi.base.BrowserLaunch">
    <skipped/>
  </testcase> <!-- @BeforeMethod initialization -->
  <testcase name="@BeforeMethod testName" time="-1.609847571825E9" classname="com.boomi.base.BrowserLaunch">
    <skipped/>
  </testcase> <!-- @BeforeMethod testName -->
  <testcase name="@AfterMethod tearDown" time="-1.609847571832E9" classname="com.boomi.base.BrowserLaunch">
    <skipped/>
  </testcase> <!-- @AfterMethod tearDown -->
  <testcase name="@AfterMethod tearDown" time="0.0" classname="com.boomi.base.BrowserLaunch">
    <failure type="java.lang.NullPointerException">
      <![CDATA[java.lang.NullPointerException
at com.boomi.base.BrowserLaunch.tearDown(BrowserLaunch.java:103)
at java.util.ArrayList.forEach(Unknown Source)
... Removed 32 stack frames]]>
    </failure>
  </testcase> <!-- @AfterMethod tearDown -->
  <testcase name="@BeforeMethod initialization" time="-1.609847680325E9" classname="com.boomi.base.BrowserLaunch">
    <skipped/>
  </testcase> <!-- @BeforeMethod initialization -->
  <testcase name="@BeforeMethod testName" time="-1.609847680327E9" classname="com.boomi.base.BrowserLaunch">
    <skipped/>
  </testcase> <!-- @BeforeMethod testName -->
  <testcase name="@AfterMethod tearDown" time="-1.609847680336E9" classname="com.boomi.base.BrowserLaunch">
    <skipped/>
  </testcase> <!-- @AfterMethod tearDown -->
  <testcase name="@BeforeMethod initialization" time="-1.609847680338E9" classname="com.boomi.base.BrowserLaunch">
    <skipped/>
  </testcase> <!-- @BeforeMethod initialization -->
  <testcase name="@BeforeMethod testName" time="-1.609847680339E9" classname="com.boomi.base.BrowserLaunch">
    <skipped/>
  </testcase> <!-- @BeforeMethod testName -->
  <testcase name="@AfterMethod tearDown" time="-1.609847680349E9" classname="com.boomi.base.BrowserLaunch">
    <skipped/>
  </testcase> <!-- @AfterMethod tearDown -->
  <testcase name="@BeforeMethod initialization" time="-1.60984768035E9" classname="com.boomi.base.BrowserLaunch">
    <skipped/>
  </testcase> <!-- @BeforeMethod initialization -->
  <testcase name="@BeforeMethod testName" time="-1.609847680351E9" classname="com.boomi.base.BrowserLaunch">
    <skipped/>
  </testcase> <!-- @BeforeMethod testName -->
  <testcase name="@AfterMethod tearDown" time="-1.60984768036E9" classname="com.boomi.base.BrowserLaunch">
    <skipped/>
  </testcase> <!-- @AfterMethod tearDown -->
  <testcase name="@BeforeMethod initialization" time="-1.609847680362E9" classname="com.boomi.base.BrowserLaunch">
    <skipped/>
  </testcase> <!-- @BeforeMethod initialization -->
  <testcase name="@BeforeMethod testName" time="-1.609847680363E9" classname="com.boomi.base.BrowserLaunch">
    <skipped/>
  </testcase> <!-- @BeforeMethod testName -->
  <testcase name="@AfterMethod tearDown" time="-1.609847680373E9" classname="com.boomi.base.BrowserLaunch">
    <skipped/>
  </testcase> <!-- @AfterMethod tearDown -->
  <testcase name="@BeforeMethod initialization" time="-1.609847680374E9" classname="com.boomi.base.BrowserLaunch">
    <skipped/>
  </testcase> <!-- @BeforeMethod initialization -->
  <testcase name="@BeforeMethod testName" time="-1.609847680375E9" classname="com.boomi.base.BrowserLaunch">
    <skipped/>
  </testcase> <!-- @BeforeMethod testName -->
  <testcase name="@AfterMethod tearDown" time="-1.609847680385E9" classname="com.boomi.base.BrowserLaunch">
    <skipped/>
  </testcase> <!-- @AfterMethod tearDown -->
  <testcase name="@BeforeMethod initialization" time="-1.609847680386E9" classname="com.boomi.base.BrowserLaunch">
    <skipped/>
  </testcase> <!-- @BeforeMethod initialization -->
  <testcase name="@BeforeMethod testName" time="-1.609847680388E9" classname="com.boomi.base.BrowserLaunch">
    <skipped/>
  </testcase> <!-- @BeforeMethod testName -->
  <testcase name="@AfterMethod tearDown" time="-1.609847680396E9" classname="com.boomi.base.BrowserLaunch">
    <skipped/>
  </testcase> <!-- @AfterMethod tearDown -->
  <testcase name="@BeforeMethod initialization" time="-1.609847680398E9" classname="com.boomi.base.BrowserLaunch">
    <skipped/>
  </testcase> <!-- @BeforeMethod initialization -->
  <testcase name="@BeforeMethod testName" time="-1.609847680399E9" classname="com.boomi.base.BrowserLaunch">
    <skipped/>
  </testcase> <!-- @BeforeMethod testName -->
  <testcase name="@AfterMethod tearDown" time="-1.609847680408E9" classname="com.boomi.base.BrowserLaunch">
    <skipped/>
  </testcase> <!-- @AfterMethod tearDown -->
  <testcase name="@BeforeMethod initialization" time="-1.60984768041E9" classname="com.boomi.base.BrowserLaunch">
    <skipped/>
  </testcase> <!-- @BeforeMethod initialization -->
  <testcase name="@BeforeMethod testName" time="-1.609847680412E9" classname="com.boomi.base.BrowserLaunch">
    <skipped/>
  </testcase> <!-- @BeforeMethod testName -->
  <testcase name="@AfterMethod tearDown" time="-1.60984768042E9" classname="com.boomi.base.BrowserLaunch">
    <skipped/>
  </testcase> <!-- @AfterMethod tearDown -->
  <testcase name="@BeforeMethod initialization" time="-1.609847680421E9" classname="com.boomi.base.BrowserLaunch">
    <skipped/>
  </testcase> <!-- @BeforeMethod initialization -->
  <testcase name="@BeforeMethod testName" time="-1.609847680422E9" classname="com.boomi.base.BrowserLaunch">
    <skipped/>
  </testcase> <!-- @BeforeMethod testName -->
  <testcase name="@AfterMethod tearDown" time="-1.609847680432E9" classname="com.boomi.base.BrowserLaunch">
    <skipped/>
  </testcase> <!-- @AfterMethod tearDown -->
  <testcase name="@AfterMethod tearDown" time="0.0" classname="com.boomi.base.BrowserLaunch">
    <failure type="java.lang.NullPointerException">
      <![CDATA[java.lang.NullPointerException
at com.boomi.base.BrowserLaunch.tearDown(BrowserLaunch.java:103)
at java.util.ArrayList.forEach(Unknown Source)
... Removed 32 stack frames]]>
    </failure>
  </testcase> <!-- @AfterMethod tearDown -->
  <testcase name="@BeforeMethod initialization" time="-1.60984783925E9" classname="com.boomi.base.BrowserLaunch">
    <skipped/>
  </testcase> <!-- @BeforeMethod initialization -->
  <testcase name="@BeforeMethod testName" time="-1.609847839251E9" classname="com.boomi.base.BrowserLaunch">
    <skipped/>
  </testcase> <!-- @BeforeMethod testName -->
  <testcase name="@AfterMethod tearDown" time="-1.60984783926E9" classname="com.boomi.base.BrowserLaunch">
    <skipped/>
  </testcase> <!-- @AfterMethod tearDown -->
  <testcase name="@BeforeMethod initialization" time="-1.609847839262E9" classname="com.boomi.base.BrowserLaunch">
    <skipped/>
  </testcase> <!-- @BeforeMethod initialization -->
  <testcase name="@BeforeMethod testName" time="-1.609847839264E9" classname="com.boomi.base.BrowserLaunch">
    <skipped/>
  </testcase> <!-- @BeforeMethod testName -->
  <testcase name="@AfterMethod tearDown" time="-1.609847839272E9" classname="com.boomi.base.BrowserLaunch">
    <skipped/>
  </testcase> <!-- @AfterMethod tearDown -->
  <testcase name="@BeforeMethod initialization" time="-1.609847839273E9" classname="com.boomi.base.BrowserLaunch">
    <skipped/>
  </testcase> <!-- @BeforeMethod initialization -->
  <testcase name="@BeforeMethod testName" time="-1.609847839274E9" classname="com.boomi.base.BrowserLaunch">
    <skipped/>
  </testcase> <!-- @BeforeMethod testName -->
  <testcase name="@AfterMethod tearDown" time="-1.609847839282E9" classname="com.boomi.base.BrowserLaunch">
    <skipped/>
  </testcase> <!-- @AfterMethod tearDown -->
  <testcase name="@BeforeMethod initialization" time="-1.609847839283E9" classname="com.boomi.base.BrowserLaunch">
    <skipped/>
  </testcase> <!-- @BeforeMethod initialization -->
  <testcase name="@BeforeMethod testName" time="-1.609847839284E9" classname="com.boomi.base.BrowserLaunch">
    <skipped/>
  </testcase> <!-- @BeforeMethod testName -->
  <testcase name="@AfterMethod tearDown" time="-1.609847839291E9" classname="com.boomi.base.BrowserLaunch">
    <skipped/>
  </testcase> <!-- @AfterMethod tearDown -->
  <testcase name="@BeforeMethod initialization" time="-1.609847839293E9" classname="com.boomi.base.BrowserLaunch">
    <skipped/>
  </testcase> <!-- @BeforeMethod initialization -->
  <testcase name="@BeforeMethod testName" time="-1.609847839294E9" classname="com.boomi.base.BrowserLaunch">
    <skipped/>
  </testcase> <!-- @BeforeMethod testName -->
  <testcase name="@AfterMethod tearDown" time="-1.609847839303E9" classname="com.boomi.base.BrowserLaunch">
    <skipped/>
  </testcase> <!-- @AfterMethod tearDown -->
  <testcase name="@BeforeMethod initialization" time="-1.609847839306E9" classname="com.boomi.base.BrowserLaunch">
    <skipped/>
  </testcase> <!-- @BeforeMethod initialization -->
  <testcase name="@BeforeMethod testName" time="-1.609847839307E9" classname="com.boomi.base.BrowserLaunch">
    <skipped/>
  </testcase> <!-- @BeforeMethod testName -->
  <testcase name="@AfterMethod tearDown" time="-1.609847839315E9" classname="com.boomi.base.BrowserLaunch">
    <skipped/>
  </testcase> <!-- @AfterMethod tearDown -->
  <testcase name="@BeforeMethod initialization" time="-1.609847839316E9" classname="com.boomi.base.BrowserLaunch">
    <skipped/>
  </testcase> <!-- @BeforeMethod initialization -->
  <testcase name="@BeforeMethod testName" time="-1.609847839317E9" classname="com.boomi.base.BrowserLaunch">
    <skipped/>
  </testcase> <!-- @BeforeMethod testName -->
  <testcase name="@AfterMethod tearDown" time="-1.609847839325E9" classname="com.boomi.base.BrowserLaunch">
    <skipped/>
  </testcase> <!-- @AfterMethod tearDown -->
  <testcase name="@BeforeMethod initialization" time="-1.609847839326E9" classname="com.boomi.base.BrowserLaunch">
    <skipped/>
  </testcase> <!-- @BeforeMethod initialization -->
  <testcase name="@BeforeMethod testName" time="-1.609847839327E9" classname="com.boomi.base.BrowserLaunch">
    <skipped/>
  </testcase> <!-- @BeforeMethod testName -->
  <testcase name="@AfterMethod tearDown" time="-1.609847839337E9" classname="com.boomi.base.BrowserLaunch">
    <skipped/>
  </testcase> <!-- @AfterMethod tearDown -->
  <testcase name="@BeforeMethod initialization" time="-1.609847839338E9" classname="com.boomi.base.BrowserLaunch">
    <skipped/>
  </testcase> <!-- @BeforeMethod initialization -->
  <testcase name="@BeforeMethod testName" time="-1.609847839339E9" classname="com.boomi.base.BrowserLaunch">
    <skipped/>
  </testcase> <!-- @BeforeMethod testName -->
  <testcase name="@AfterMethod tearDown" time="-1.609847839346E9" classname="com.boomi.base.BrowserLaunch">
    <skipped/>
  </testcase> <!-- @AfterMethod tearDown -->
  <testcase name="@BeforeMethod initialization" time="-1.609847839346E9" classname="com.boomi.base.BrowserLaunch">
    <skipped/>
  </testcase> <!-- @BeforeMethod initialization -->
  <testcase name="@BeforeMethod testName" time="-1.609847839347E9" classname="com.boomi.base.BrowserLaunch">
    <skipped/>
  </testcase> <!-- @BeforeMethod testName -->
  <testcase name="@AfterMethod tearDown" time="-1.609847839355E9" classname="com.boomi.base.BrowserLaunch">
    <skipped/>
  </testcase> <!-- @AfterMethod tearDown -->
  <testcase name="test_CISP_to_JMS_T_CapProject" time="51.844" classname="com.boomi.testcases.TC_RunEveryday"/>
  <testcase name="test_Ellipse_to_JMS_Q_WOActivity" time="99.195" classname="com.boomi.testcases.TC_RunEveryday"/>
  <testcase name="test_Ellipse_to_JMS_Q_WOCost_XML_WOLaborCost" time="98.503" classname="com.boomi.testcases.TC_RunEveryday"/>
  <testcase name="test_Ellipse_to_JMS_Q_WOCost_XML_WOStockIssue" time="94.946" classname="com.boomi.testcases.TC_RunEveryday"/>
  <testcase name="test_HCM_to_OraFin_EmpMaster_Payroll" time="88.471" classname="com.boomi.testcases.TC_RunEveryday">
    <failure type="java.lang.AssertionError" message="null">
      <![CDATA[java.lang.AssertionError: null
at com.boomi.pages.CommonFilters.updateDataInExcel(CommonFilters.java:571)
at com.boomi.pages.CommonFilters.fetchDataBasedOnDate(CommonFilters.java:386)
at com.boomi.pages.CommonFilters.selectRecordAndFetchData(CommonFilters.java:415)
at com.boomi.pages.CommonFilters.applyCommonFiltersAndFetchData(CommonFilters.java:586)
at com.boomi.testcases.TC_RunEveryday.test_HCM_to_OraFin_EmpMaster_Payroll(TC_RunEveryday.java:194)
at java.util.ArrayList.forEach(Unknown Source)
... Removed 29 stack frames]]>
    </failure>
  </testcase> <!-- test_HCM_to_OraFin_EmpMaster_Payroll -->
  <testcase name="test_HCM_to_OraFin_User" time="42.736" classname="com.boomi.testcases.TC_RunEveryday"/>
  <testcase name="test_JMS_Q_eInvoice_to_OraFin" time="16.745" classname="com.boomi.testcases.TC_RunEveryday">
    <failure type="java.lang.AssertionError" message="null">
      <![CDATA[java.lang.AssertionError: null
at com.boomi.pages.CommonFilters.duration(CommonFilters.java:279)
at com.boomi.pages.CommonFilters.applyCommonFiltersAndFetchData(CommonFilters.java:580)
at com.boomi.testcases.TC_RunEveryday.test_JMS_Q_eInvoice_to_OraFin(TC_RunEveryday.java:228)
at java.util.ArrayList.forEach(Unknown Source)
... Removed 29 stack frames]]>
    </failure>
  </testcase> <!-- test_JMS_Q_eInvoice_to_OraFin -->
  <testcase name="test_JMS_Q_to_OraFin_Uplift_Provisions" time="53.307" classname="com.boomi.testcases.TC_RunEveryday">
    <failure type="java.lang.AssertionError" message="null">
      <![CDATA[java.lang.AssertionError: null
at com.boomi.pages.CommonFilters.selectProcess(CommonFilters.java:330)
at com.boomi.pages.CommonFilters.applyCommonFiltersAndFetchData(CommonFilters.java:584)
at com.boomi.testcases.TC_RunEveryday.test_JMS_Q_to_OraFin_Uplift_Provisions(TC_RunEveryday.java:126)
at java.util.ArrayList.forEach(Unknown Source)
... Removed 29 stack frames]]>
    </failure>
  </testcase> <!-- test_JMS_Q_to_OraFin_Uplift_Provisions -->
  <testcase name="test_JMS_to_OraFin_VoucherNA_Opex" time="45.306" classname="com.boomi.testcases.TC_RunEveryday"/>
  <testcase name="test_LIMS_To_CDR_Customer" time="20.827" classname="com.boomi.testcases.TC_RunEveryday">
    <failure type="java.lang.AssertionError" message="null">
      <![CDATA[java.lang.AssertionError: null
at com.boomi.pages.CommonFilters.duration(CommonFilters.java:279)
at com.boomi.pages.CommonFilters.applyCommonFiltersAndFetchData(CommonFilters.java:580)
at com.boomi.testcases.TC_RunEveryday.test_LIMS_To_CDR_Customer(TC_RunEveryday.java:498)
at java.util.ArrayList.forEach(Unknown Source)
... Removed 29 stack frames]]>
    </failure>
  </testcase> <!-- test_LIMS_To_CDR_Customer -->
  <testcase name="test_LIMS_to_CDR_PRODUCT_SPEC" time="0.0" classname="com.boomi.testcases.TC_RunEveryday">
    <skipped/>
  </testcase> <!-- test_LIMS_to_CDR_PRODUCT_SPEC -->
  <testcase name="test_LIMS_to_CDR_Q_UNITS" time="0.0" classname="com.boomi.testcases.TC_RunEveryday">
    <skipped/>
  </testcase> <!-- test_LIMS_to_CDR_Q_UNITS -->
  <testcase name="test_LIMS_to_CDR_SAMPLE" time="0.0" classname="com.boomi.testcases.TC_RunEveryday">
    <skipped/>
  </testcase> <!-- test_LIMS_to_CDR_SAMPLE -->
  <testcase name="test_LIMS_to_CDR_Sampling_Point" time="0.0" classname="com.boomi.testcases.TC_RunEveryday">
    <skipped/>
  </testcase> <!-- test_LIMS_to_CDR_Sampling_Point -->
  <testcase name="test_LIMS_to_CDR_WaterSource" time="0.0" classname="com.boomi.testcases.TC_RunEveryday">
    <skipped/>
  </testcase> <!-- test_LIMS_to_CDR_WaterSource -->
  <testcase name="test_Ls_JMS_Q_to_OraFin_RCC_Payment" time="0.0" classname="com.boomi.testcases.TC_RunEveryday">
    <skipped/>
  </testcase> <!-- test_Ls_JMS_Q_to_OraFin_RCC_Payment -->
  <testcase name="test_Main_LIMS_to_CDR_PSP_Q_T_RESULT" time="0.0" classname="com.boomi.testcases.TC_RunEveryday">
    <skipped/>
  </testcase> <!-- test_Main_LIMS_to_CDR_PSP_Q_T_RESULT -->
  <testcase name="test_OraFin_to_CISP_CapitalCosts" time="0.0" classname="com.boomi.testcases.TC_RunEveryday">
    <skipped/>
  </testcase> <!-- test_OraFin_to_CISP_CapitalCosts -->
  <testcase name="test_OraFin_to_JMS_Q_ProjectsInfo" time="0.0" classname="com.boomi.testcases.TC_RunEveryday">
    <skipped/>
  </testcase> <!-- test_OraFin_to_JMS_Q_ProjectsInfo -->
  <testcase name="test_OraFin_to_JMS_T_APRefund" time="0.0" classname="com.boomi.testcases.TC_RunEveryday">
    <skipped/>
  </testcase> <!-- test_OraFin_to_JMS_T_APRefund -->
  <testcase name="test_OraFin_to_Tungsten_InvoicePymt_Passthru" time="0.0" classname="com.boomi.testcases.TC_RunEveryday">
    <skipped/>
  </testcase> <!-- test_OraFin_to_Tungsten_InvoicePymt_Passthru -->
  <testcase name="test_OraFin_to_Tungsten_PurchaseOrder_Passthru" time="0.0" classname="com.boomi.testcases.TC_RunEveryday">
    <skipped/>
  </testcase> <!-- test_OraFin_to_Tungsten_PurchaseOrder_Passthru -->
  <testcase name="test_Tungsten_to_JMS_Q_eInvoiceDetails" time="0.0" classname="com.boomi.testcases.TC_RunEveryday">
    <skipped/>
  </testcase> <!-- test_Tungsten_to_JMS_Q_eInvoiceDetails -->
  <testcase name="test_Unifier_to_JMS_ProjMiscCost" time="0.0" classname="com.boomi.testcases.TC_RunEveryday">
    <skipped/>
  </testcase> <!-- test_Unifier_to_JMS_ProjMiscCost -->
  <testcase name="test_Unifier_to_JMS_VoucherNA_Capex" time="0.0" classname="com.boomi.testcases.TC_RunEveryday">
    <skipped/>
  </testcase> <!-- test_Unifier_to_JMS_VoucherNA_Capex -->
  <testcase name="test_Unifier_to_JMS_VoucherNA_Opex" time="0.0" classname="com.boomi.testcases.TC_RunEveryday">
    <skipped/>
  </testcase> <!-- test_Unifier_to_JMS_VoucherNA_Opex -->
  <testcase name="test_Unifier_to_OraFin_VoucherNA_Capex_submitESSJobRequest" time="0.0" classname="com.boomi.testcases.TC_RunEveryday">
    <skipped/>
  </testcase> <!-- test_Unifier_to_OraFin_VoucherNA_Capex_submitESSJobRequest -->
  <testcase name="test_Unifier_to_OraFin_VoucherNA_Opex_submitESSJobRequest" time="0.0" classname="com.boomi.testcases.TC_RunEveryday">
    <skipped/>
  </testcase> <!-- test_Unifier_to_OraFin_VoucherNA_Opex_submitESSJobRequest -->
  <testcase name="test_Update_CAPEX_WO_Activity" time="0.0" classname="com.boomi.testcases.TC_RunEveryday">
    <skipped/>
  </testcase> <!-- test_Update_CAPEX_WO_Activity -->
  <testcase name="test_WUB_to_JMS_Q_NewDomesticBillDtls" time="0.0" classname="com.boomi.testcases.TC_RunEveryday">
    <skipped/>
  </testcase> <!-- test_WUB_to_JMS_Q_NewDomesticBillDtls -->
  <testcase name="test_WUB_to_OraFin_GLPosting" time="0.0" classname="com.boomi.testcases.TC_RunEveryday">
    <skipped/>
  </testcase> <!-- test_WUB_to_OraFin_GLPosting -->
  <testcase name="test_WUB_to_OraFin_GLPosting_submitESSJobRequest" time="0.0" classname="com.boomi.testcases.TC_RunEveryday">
    <skipped/>
  </testcase> <!-- test_WUB_to_OraFin_GLPosting_submitESSJobRequest -->
  <testcase name="test_WUB_to_OraFin_InvcCreditNotesProject" time="0.0" classname="com.boomi.testcases.TC_RunEveryday">
    <skipped/>
  </testcase> <!-- test_WUB_to_OraFin_InvcCreditNotesProject -->
  <testcase name="test_WUB_to_OraFin_ReceiptsCM" time="0.0" classname="com.boomi.testcases.TC_RunEveryday">
    <skipped/>
  </testcase> <!-- test_WUB_to_OraFin_ReceiptsCM -->
  <testcase name="test_Disk_to_JMS_NonPrimary" time="42.409" classname="com.boomi.testcases.TC_RunEverydayFrequently"/>
  <testcase name="test_Ellipse_To_Orafin_POCreate_test" time="0.0" classname="com.boomi.testcases.TC_RunEverydayFrequently">
    <skipped/>
  </testcase> <!-- test_Ellipse_To_Orafin_POCreate_test -->
  <testcase name="test_Ellipse_to_Orafin_POReceipts_test" time="0.0" classname="com.boomi.testcases.TC_RunEverydayFrequently">
    <skipped/>
  </testcase> <!-- test_Ellipse_to_Orafin_POReceipts_test -->
  <testcase name="test_JMS_Q_Activity_CAPEX_XML_to_Orafin" time="0.0" classname="com.boomi.testcases.TC_RunEverydayFrequently">
    <skipped/>
  </testcase> <!-- test_JMS_Q_Activity_CAPEX_XML_to_Orafin -->
  <testcase name="test_JMS_Q_Activity_OPEX_XML_to_Orafin" time="0.0" classname="com.boomi.testcases.TC_RunEverydayFrequently">
    <skipped/>
  </testcase> <!-- test_JMS_Q_Activity_OPEX_XML_to_Orafin -->
  <testcase name="test_JMS_Q_BillIN_XML_to_WUB_Billing" time="0.0" classname="com.boomi.testcases.TC_RunEverydayFrequently">
    <skipped/>
  </testcase> <!-- test_JMS_Q_BillIN_XML_to_WUB_Billing -->
  <testcase name="test_JMS_Q_InvoiceCDM_to_WUB_BillDtls" time="0.0" classname="com.boomi.testcases.TC_RunEverydayFrequently">
    <skipped/>
  </testcase> <!-- test_JMS_Q_InvoiceCDM_to_WUB_BillDtls -->
  <testcase name="test_JMS_Q_WOCost_XML_to_OraFin" time="0.0" classname="com.boomi.testcases.TC_RunEverydayFrequently">
    <skipped/>
  </testcase> <!-- test_JMS_Q_WOCost_XML_to_OraFin -->
  <testcase name="test_JMS_Q_to_WUB_ProjectsInfo" time="0.0" classname="com.boomi.testcases.TC_RunEverydayFrequently">
    <skipped/>
  </testcase> <!-- test_JMS_Q_to_WUB_ProjectsInfo -->
  <testcase name="test_MSD365_to_JMS_Q_Non_Domestic_Billing" time="0.0" classname="com.boomi.testcases.TC_RunEverydayFrequently">
    <skipped/>
  </testcase> <!-- test_MSD365_to_JMS_Q_Non_Domestic_Billing -->
  <testcase name="test_MSDCRM_to_Disk_NonPrimary" time="0.0" classname="com.boomi.testcases.TC_RunEverydayFrequently">
    <skipped/>
  </testcase> <!-- test_MSDCRM_to_Disk_NonPrimary -->
  <testcase name="test_OraFin_to_ePay_BACSProcessing" time="0.0" classname="com.boomi.testcases.TC_RunEverydayFrequently">
    <skipped/>
  </testcase> <!-- test_OraFin_to_ePay_BACSProcessing -->
  <testcase name="test_WUB_to_OraFin_PymtReqCustRefund" time="0.0" classname="com.boomi.testcases.TC_RunEverydayFrequently">
    <skipped/>
  </testcase> <!-- test_WUB_to_OraFin_PymtReqCustRefund -->
  <testcase name="test_JMS_to_OraFin_ProjectMiscCost" time="55.426" classname="com.boomi.testcases.TC_RunFreqIsNA"/>
  <testcase name="test_JMS_to_OraFin_VoucherNA_Capex" time="0.0" classname="com.boomi.testcases.TC_RunFreqIsNA">
    <skipped/>
  </testcase> <!-- test_JMS_to_OraFin_VoucherNA_Capex -->
  <testcase name="test_Ls_JMS_Q_MSD365_NewDomesticBillDtls" time="0.0" classname="com.boomi.testcases.TC_RunFreqIsNA">
    <skipped/>
  </testcase> <!-- test_Ls_JMS_Q_MSD365_NewDomesticBillDtls -->
  <testcase name="test_Ls_JMS_T_APrefund_to_WUB" time="0.0" classname="com.boomi.testcases.TC_RunFreqIsNA">
    <skipped/>
  </testcase> <!-- test_Ls_JMS_T_APrefund_to_WUB -->
  <testcase name="test_Ls_JMS_T_CapProject_to_OraFin_Manager" time="0.0" classname="com.boomi.testcases.TC_RunFreqIsNA">
    <skipped/>
  </testcase> <!-- test_Ls_JMS_T_CapProject_to_OraFin_Manager -->
  <testcase name="test_MSD365_to_JMS_Q_Non_Domestic_Billing_Intermediate" time="0.0" classname="com.boomi.testcases.TC_RunFreqIsNA">
    <skipped/>
  </testcase> <!-- test_MSD365_to_JMS_Q_Non_Domestic_Billing_Intermediate -->
  <testcase name="test_MSD365_to_JMS_Q_RCC_Payment" time="0.0" classname="com.boomi.testcases.TC_RunFreqIsNA">
    <skipped/>
  </testcase> <!-- test_MSD365_to_JMS_Q_RCC_Payment -->
  <testcase name="test_MSD365_to_JMS_Q_Uplift_Provisions" time="0.0" classname="com.boomi.testcases.TC_RunFreqIsNA">
    <skipped/>
  </testcase> <!-- test_MSD365_to_JMS_Q_Uplift_Provisions -->
  <testcase name="test_MSD365_to_JMS_Q_WUB_BillDtls" time="0.0" classname="com.boomi.testcases.TC_RunFreqIsNA">
    <skipped/>
  </testcase> <!-- test_MSD365_to_JMS_Q_WUB_BillDtls -->
  <testcase name="test_OraFin_to_ePay_BACSProcessing_subProcess" time="0.0" classname="com.boomi.testcases.TC_RunFreqIsNA">
    <skipped/>
  </testcase> <!-- test_OraFin_to_ePay_BACSProcessing_subProcess -->
  <testcase name="test_Ellipse_to_JMS_Q_BillIN_XML_Billing" time="110.587" classname="com.boomi.testcases.TC_RunMonToFri"/>
  <testcase name="test_Gemini_to_WUB_NewCustCreation" time="0.0" classname="com.boomi.testcases.TC_RunMonToFri">
    <skipped/>
  </testcase> <!-- test_Gemini_to_WUB_NewCustCreation -->
  <testcase name="test_Gemini_to_WUB_STBillDtls" time="0.0" classname="com.boomi.testcases.TC_RunMonToFri">
    <skipped/>
  </testcase> <!-- test_Gemini_to_WUB_STBillDtls -->
  <testcase name="test_JMS_Q_to_Gemini_NewCustRef" time="0.0" classname="com.boomi.testcases.TC_RunMonToFri">
    <skipped/>
  </testcase> <!-- test_JMS_Q_to_Gemini_NewCustRef -->
  <testcase name="test_JMS_Q_to_Gemini_NewInvcBill" time="0.0" classname="com.boomi.testcases.TC_RunMonToFri">
    <skipped/>
  </testcase> <!-- test_JMS_Q_to_Gemini_NewInvcBill -->
  <testcase name="test_JMS_Q_to_Gemini_PymtDtls" time="0.0" classname="com.boomi.testcases.TC_RunMonToFri">
    <skipped/>
  </testcase> <!-- test_JMS_Q_to_Gemini_PymtDtls -->
  <testcase name="test_WUB_to_Critiqom_BillPrint_Passthru" time="0.0" classname="com.boomi.testcases.TC_RunMonToFri">
    <skipped/>
  </testcase> <!-- test_WUB_to_Critiqom_BillPrint_Passthru -->
  <testcase name="test_WUB_to_Critiqom_DunningLettersGen_Passthru" time="0.0" classname="com.boomi.testcases.TC_RunMonToFri">
    <skipped/>
  </testcase> <!-- test_WUB_to_Critiqom_DunningLettersGen_Passthru -->
  <testcase name="test_WUB_to_JMS_Q_NewCustRef" time="0.0" classname="com.boomi.testcases.TC_RunMonToFri">
    <skipped/>
  </testcase> <!-- test_WUB_to_JMS_Q_NewCustRef -->
  <testcase name="test_WUB_to_JMS_Q_NewInvcBill" time="0.0" classname="com.boomi.testcases.TC_RunMonToFri">
    <skipped/>
  </testcase> <!-- test_WUB_to_JMS_Q_NewInvcBill -->
  <testcase name="test_WUB_to_JMS_Q_PymtDtls" time="0.0" classname="com.boomi.testcases.TC_RunMonToFri">
    <skipped/>
  </testcase> <!-- test_WUB_to_JMS_Q_PymtDtls -->
  <testcase name="@BeforeSuite sheetRename" time="0.0" classname="com.boomi.base.BrowserLaunch">
    <ignored/>
  </testcase> <!-- @BeforeSuite sheetRename -->
  <testcase name="@BeforeSuite sheetRename" time="0.0" classname="com.boomi.base.BrowserLaunch">
    <ignored/>
  </testcase> <!-- @BeforeSuite sheetRename -->
  <testcase name="@BeforeSuite sheetRename" time="0.0" classname="com.boomi.base.BrowserLaunch">
    <ignored/>
  </testcase> <!-- @BeforeSuite sheetRename -->
  <testcase name="@BeforeSuite initExtentReport" time="0.0" classname="com.boomi.base.ExtentsReportConfig">
    <ignored/>
  </testcase> <!-- @BeforeSuite initExtentReport -->
  <testcase name="@BeforeSuite initExtentReport" time="0.0" classname="com.boomi.base.ExtentsReportConfig">
    <ignored/>
  </testcase> <!-- @BeforeSuite initExtentReport -->
  <testcase name="@BeforeSuite initExtentReport" time="0.0" classname="com.boomi.base.ExtentsReportConfig">
    <ignored/>
  </testcase> <!-- @BeforeSuite initExtentReport -->
</testsuite> <!-- BoomiAutomation -->
